<?xml version="1.0" encoding="UTF-8"?>
<!-- a subset of https://gist.github.com/n1k0/4332371 -->
<testsuites duration="50.5">
    <testsuite failures="0" name="Untitled suite in /Users/niko/Sites/casperjs/tests/suites/casper/agent.js" package="tests/suites/casper/agent" tests="3" time="0.256">
        <testcase classname="tests/suites/casper/agent" name="Default user agent matches /CasperJS/" time="0.103"/>
        <testcase classname="tests/suites/casper/agent" name="Default user agent matches /plop/" time="0.146"/>
        <testcase classname="tests/suites/casper/agent" name="Default user agent matches /plop/" time="0.007"/>
    </testsuite>

    <testsuite failures="0" name="Untitled suite in /Users/niko/Sites/casperjs/tests/suites/casper/auth.js" package="tests/suites/casper/auth" tests="2" time="0.101">
        <testcase classname="tests/suites/casper/auth" name="Subject equals the expected value" time="0.1"/>
        <testcase classname="tests/suites/casper/auth" name="Subject equals the expected value" time="0"/>
    </testsuite>
</testsuites>
